2019-11-20 10:10:23,977 INFO [dump-all-ok] nacos-config.yml+DEFAULT_GROUP, 1574162398191, length=31, md5=3970a4a4be80044df8c5ce966803d643

2019-11-20 10:10:23,978 INFO [dump-all-ok] nacos-config-dev.yml+DEFAULT_GROUP, 1574163213496, length=50, md5=5375f308e4aee343d987f233de04d0bf

2019-11-20 10:10:23,979 INFO [dump-all-ok] nacos-config-test.yml+DEFAULT_GROUP, 1574163240234, length=51, md5=db1f074c010c836f8e3ccca29329180b

2019-11-20 10:10:23,979 INFO [dump-all-ok] nacos-config.yml+DEFAULT_GROUP, 1574164809868, length=52, md5=448d879eaaeaf4d9760a5aab2752f07e

2019-11-20 10:10:23,979 INFO [dump-all-ok] nacos-config.yml+DEFAULT_GROUP, 1574164846726, length=53, md5=cad90f177ea3e5ab8aeff848e0794d92

2019-11-20 10:10:23,979 INFO [dump-all-ok] nacos-namespace-one-dev.yml+namespace-one, 1574166000500, length=57, md5=63419e876b44cae37c0b3158c2e8e162

2019-11-20 10:10:23,980 INFO [dump-all-ok] nacos-namespace-two-dev.yml+namespace-two, 1574166046876, length=57, md5=f4d4e6b9833975ff1c9fe3af39a40fec

2019-11-20 10:10:23,980 INFO [dump-all-ok] nacos-namespace-one-test.yml+namespace-one, 1574166129936, length=58, md5=ddeaf524ee6c8f0b98ecd73101817307

2019-11-20 10:10:23,980 INFO [dump-all-ok] nacos-namespace-two-test.yml+namespace-two, 1574166164125, length=58, md5=25a0ac604b5d880bd919343b4909deb6

2019-11-20 10:10:23,980 INFO [dump-all-ok] nacos-namespace-one-dev.yml+nacos-namespace-one, 1574212473769, length=63, md5=61e55263508d178744f28ff6b0beb65c

2019-11-20 10:10:23,980 INFO [dump-all-ok] nacos-namespace-one-test.yml+nacos-namespace-one, 1574212536293, length=64, md5=4bae0f0b5f0767f2003f42ec86601071

2019-11-20 10:10:23,980 INFO [dump-all-ok] nacos-namespace-two-test.yml+namespace-two-test, 1574212660295, length=64, md5=5f01dcf8957b6495af1b32602df92abf

2019-11-20 10:10:23,981 INFO [dump-all-ok] nacos-namespace-two-dev.yml+namespace-two-dev, 1574212724578, length=63, md5=61e55263508d178744f28ff6b0beb65c

2019-11-20 10:10:23,981 INFO [dump-all-ok] nacos-config-share.yml+DEFAULT_GROUP, 1574213773371, length=63, md5=3a18af89d318d7d0bbf72a40d2647c0b

2019-11-20 10:10:23,981 INFO [dump-all-ok] shareconfig1.yml+DEFAULT_GROUP, 1574213812917, length=32, md5=ac865378c0aee78ede586c534b22ee79

2019-11-20 10:10:23,981 INFO [dump-all-ok] shareconfig2.yml+DEFAULT_GROUP, 1574213845238, length=32, md5=64f9a1e846efe9f906cb6b61412593da

2019-11-20 10:10:23,981 INFO [dump-all-ok] shareconfig3.yml+SHARE3_GROUP, 1574214125019, length=51, md5=de7f42cee45439795d5b8f259bbbd561

2019-11-20 10:10:23,981 INFO [dump-all-ok] shareconfig4.yml+SHARE4_GROUP, 1574214154236, length=51, md5=a3b6d008b31c50c80f4d5e0d2d3c9bde

2019-11-20 10:33:47,400 INFO [dump-all-ok] nacos-config.yml+DEFAULT_GROUP, 1574162398191, length=31, md5=3970a4a4be80044df8c5ce966803d643

2019-11-20 10:33:47,401 INFO [dump-all-ok] nacos-config-dev.yml+DEFAULT_GROUP, 1574163213496, length=50, md5=5375f308e4aee343d987f233de04d0bf

2019-11-20 10:33:47,402 INFO [dump-all-ok] nacos-config-test.yml+DEFAULT_GROUP, 1574163240234, length=51, md5=db1f074c010c836f8e3ccca29329180b

2019-11-20 10:33:47,402 INFO [dump-all-ok] nacos-config.yml+DEFAULT_GROUP, 1574164809868, length=52, md5=448d879eaaeaf4d9760a5aab2752f07e

2019-11-20 10:33:47,403 INFO [dump-all-ok] nacos-config.yml+DEFAULT_GROUP, 1574164846726, length=53, md5=cad90f177ea3e5ab8aeff848e0794d92

2019-11-20 10:33:47,403 INFO [dump-all-ok] nacos-namespace-one-dev.yml+namespace-one, 1574166000500, length=57, md5=63419e876b44cae37c0b3158c2e8e162

2019-11-20 10:33:47,404 INFO [dump-all-ok] nacos-namespace-two-dev.yml+namespace-two, 1574166046876, length=57, md5=f4d4e6b9833975ff1c9fe3af39a40fec

2019-11-20 10:33:47,404 INFO [dump-all-ok] nacos-namespace-one-test.yml+namespace-one, 1574166129936, length=58, md5=ddeaf524ee6c8f0b98ecd73101817307

2019-11-20 10:33:47,404 INFO [dump-all-ok] nacos-namespace-two-test.yml+namespace-two, 1574166164125, length=58, md5=25a0ac604b5d880bd919343b4909deb6

2019-11-20 10:33:47,404 INFO [dump-all-ok] nacos-namespace-one-dev.yml+nacos-namespace-one, 1574212473769, length=63, md5=61e55263508d178744f28ff6b0beb65c

2019-11-20 10:33:47,404 INFO [dump-all-ok] nacos-namespace-one-test.yml+nacos-namespace-one, 1574212536293, length=64, md5=4bae0f0b5f0767f2003f42ec86601071

2019-11-20 10:33:47,404 INFO [dump-all-ok] nacos-namespace-two-test.yml+namespace-two-test, 1574212660295, length=64, md5=5f01dcf8957b6495af1b32602df92abf

2019-11-20 10:33:47,405 INFO [dump-all-ok] nacos-namespace-two-dev.yml+namespace-two-dev, 1574212724578, length=63, md5=61e55263508d178744f28ff6b0beb65c

2019-11-20 10:33:47,405 INFO [dump-all-ok] nacos-config-share.yml+DEFAULT_GROUP, 1574213773371, length=63, md5=3a18af89d318d7d0bbf72a40d2647c0b

2019-11-20 10:33:47,405 INFO [dump-all-ok] shareconfig1.yml+DEFAULT_GROUP, 1574213812917, length=32, md5=ac865378c0aee78ede586c534b22ee79

2019-11-20 10:33:47,405 INFO [dump-all-ok] shareconfig2.yml+DEFAULT_GROUP, 1574213845238, length=32, md5=64f9a1e846efe9f906cb6b61412593da

2019-11-20 10:33:47,405 INFO [dump-all-ok] shareconfig3.yml+SHARE3_GROUP, 1574214125019, length=51, md5=de7f42cee45439795d5b8f259bbbd561

2019-11-20 10:33:47,405 INFO [dump-all-ok] shareconfig4.yml+SHARE4_GROUP, 1574214154236, length=51, md5=a3b6d008b31c50c80f4d5e0d2d3c9bde

