2019-11-20 00:00:31,524 INFO PERFORMANCE:|7|6|-1|-1

2019-11-20 00:05:31,526 INFO PERFORMANCE:|7|6|-1|-1

2019-11-20 00:10:31,527 INFO PERFORMANCE:|7|6|-1|-1

2019-11-20 00:15:31,528 INFO PERFORMANCE:|7|6|-1|-1

2019-11-20 00:20:31,528 INFO PERFORMANCE:|7|6|-1|-1

2019-11-20 00:25:31,529 INFO PERFORMANCE:|7|6|-1|-1

2019-11-20 00:30:31,530 INFO PERFORMANCE:|7|6|-1|-1

2019-11-20 00:35:31,530 INFO PERFORMANCE:|7|6|-1|-1

2019-11-20 00:40:31,532 INFO PERFORMANCE:|7|6|-1|-1

2019-11-20 00:45:31,534 INFO PERFORMANCE:|7|6|-1|-1

2019-11-20 00:50:31,535 INFO PERFORMANCE:|7|6|-1|-1

2019-11-20 00:55:31,536 INFO PERFORMANCE:|7|6|-1|-1

2019-11-20 01:00:31,537 INFO PERFORMANCE:|7|6|-1|-1

2019-11-20 01:05:31,540 INFO PERFORMANCE:|7|6|-1|-1

2019-11-20 01:10:31,541 INFO PERFORMANCE:|7|6|-1|-1

2019-11-20 01:15:31,543 INFO PERFORMANCE:|7|6|-1|-1

2019-11-20 01:20:31,543 INFO PERFORMANCE:|7|6|-1|-1

2019-11-20 01:25:31,544 INFO PERFORMANCE:|7|6|-1|-1

2019-11-20 01:30:31,546 INFO PERFORMANCE:|7|6|-1|-1

2019-11-20 01:35:31,547 INFO PERFORMANCE:|7|6|-1|-1

2019-11-20 01:40:31,549 INFO PERFORMANCE:|7|6|-1|-1

2019-11-20 01:45:31,550 INFO PERFORMANCE:|7|6|-1|-1

2019-11-20 01:50:31,552 INFO PERFORMANCE:|7|6|-1|-1

2019-11-20 01:55:31,554 INFO PERFORMANCE:|7|6|-1|-1

2019-11-20 02:00:31,554 INFO PERFORMANCE:|7|6|-1|-1

2019-11-20 02:05:31,555 INFO PERFORMANCE:|7|6|-1|-1

2019-11-20 02:10:31,556 INFO PERFORMANCE:|7|6|-1|-1

2019-11-20 02:15:31,557 INFO PERFORMANCE:|7|6|-1|-1

2019-11-20 02:20:31,559 INFO PERFORMANCE:|7|6|-1|-1

2019-11-20 02:25:31,559 INFO PERFORMANCE:|7|6|-1|-1

2019-11-20 02:30:31,559 INFO PERFORMANCE:|7|6|-1|-1

2019-11-20 02:35:31,561 INFO PERFORMANCE:|7|6|-1|-1

2019-11-20 02:40:31,562 INFO PERFORMANCE:|7|6|-1|-1

2019-11-20 02:45:31,563 INFO PERFORMANCE:|7|6|-1|-1

2019-11-20 02:50:31,565 INFO PERFORMANCE:|7|6|-1|-1

2019-11-20 02:55:31,566 INFO PERFORMANCE:|7|6|-1|-1

2019-11-20 03:00:31,568 INFO PERFORMANCE:|7|6|-1|-1

2019-11-20 03:05:31,569 INFO PERFORMANCE:|7|6|-1|-1

2019-11-20 03:10:31,571 INFO PERFORMANCE:|7|6|-1|-1

2019-11-20 03:15:31,572 INFO PERFORMANCE:|7|6|-1|-1

2019-11-20 03:20:31,573 INFO PERFORMANCE:|7|6|-1|-1

2019-11-20 03:25:31,574 INFO PERFORMANCE:|7|6|-1|-1

2019-11-20 03:30:31,574 INFO PERFORMANCE:|7|6|-1|-1

2019-11-20 03:35:31,575 INFO PERFORMANCE:|7|6|-1|-1

2019-11-20 03:40:31,576 INFO PERFORMANCE:|7|6|-1|-1

2019-11-20 03:45:31,576 INFO PERFORMANCE:|7|6|-1|-1

2019-11-20 03:50:31,578 INFO PERFORMANCE:|7|6|-1|-1

2019-11-20 03:55:31,579 INFO PERFORMANCE:|7|6|-1|-1

2019-11-20 04:00:31,580 INFO PERFORMANCE:|7|6|-1|-1

2019-11-20 04:05:31,582 INFO PERFORMANCE:|7|6|-1|-1

2019-11-20 04:10:31,584 INFO PERFORMANCE:|7|6|-1|-1

2019-11-20 04:15:31,585 INFO PERFORMANCE:|7|6|-1|-1

2019-11-20 04:20:31,587 INFO PERFORMANCE:|7|6|-1|-1

2019-11-20 04:25:31,588 INFO PERFORMANCE:|7|6|-1|-1

2019-11-20 04:30:31,588 INFO PERFORMANCE:|7|6|-1|-1

2019-11-20 04:35:31,589 INFO PERFORMANCE:|7|6|-1|-1

2019-11-20 04:40:31,589 INFO PERFORMANCE:|7|6|-1|-1

2019-11-20 04:45:31,590 INFO PERFORMANCE:|7|6|-1|-1

2019-11-20 04:50:31,591 INFO PERFORMANCE:|7|6|-1|-1

2019-11-20 04:55:31,591 INFO PERFORMANCE:|7|6|-1|-1

2019-11-20 05:00:31,593 INFO PERFORMANCE:|7|6|-1|-1

2019-11-20 05:05:31,595 INFO PERFORMANCE:|7|6|-1|-1

2019-11-20 05:10:31,596 INFO PERFORMANCE:|7|6|-1|-1

2019-11-20 05:15:31,598 INFO PERFORMANCE:|7|6|-1|-1

2019-11-20 05:20:31,598 INFO PERFORMANCE:|7|6|-1|-1

2019-11-20 05:25:31,599 INFO PERFORMANCE:|7|6|-1|-1

2019-11-20 05:30:31,601 INFO PERFORMANCE:|7|6|-1|-1

2019-11-20 05:35:31,603 INFO PERFORMANCE:|7|6|-1|-1

2019-11-20 05:40:31,604 INFO PERFORMANCE:|7|6|-1|-1

2019-11-20 05:45:31,604 INFO PERFORMANCE:|7|6|-1|-1

2019-11-20 05:50:31,605 INFO PERFORMANCE:|7|6|-1|-1

2019-11-20 05:55:31,605 INFO PERFORMANCE:|7|6|-1|-1

2019-11-20 06:00:31,605 INFO PERFORMANCE:|7|6|-1|-1

2019-11-20 06:05:31,606 INFO PERFORMANCE:|7|6|-1|-1

2019-11-20 06:10:31,607 INFO PERFORMANCE:|7|6|-1|-1

2019-11-20 06:15:31,609 INFO PERFORMANCE:|7|6|-1|-1

2019-11-20 06:20:31,611 INFO PERFORMANCE:|7|6|-1|-1

2019-11-20 06:25:31,611 INFO PERFORMANCE:|7|6|-1|-1

2019-11-20 06:30:31,613 INFO PERFORMANCE:|7|6|-1|-1

2019-11-20 06:35:31,612 INFO PERFORMANCE:|7|6|-1|-1

2019-11-20 06:40:31,614 INFO PERFORMANCE:|7|6|-1|-1

2019-11-20 06:45:31,615 INFO PERFORMANCE:|7|6|-1|-1

2019-11-20 06:50:31,617 INFO PERFORMANCE:|7|6|-1|-1

2019-11-20 06:55:31,618 INFO PERFORMANCE:|7|6|-1|-1

2019-11-20 07:00:31,620 INFO PERFORMANCE:|7|6|-1|-1

2019-11-20 07:05:31,620 INFO PERFORMANCE:|7|6|-1|-1

2019-11-20 07:10:31,621 INFO PERFORMANCE:|7|6|-1|-1

2019-11-20 07:15:31,623 INFO PERFORMANCE:|7|6|-1|-1

2019-11-20 07:20:31,624 INFO PERFORMANCE:|7|6|-1|-1

2019-11-20 07:25:31,624 INFO PERFORMANCE:|7|6|-1|-1

2019-11-20 07:30:31,626 INFO PERFORMANCE:|7|6|-1|-1

2019-11-20 07:35:31,627 INFO PERFORMANCE:|7|6|-1|-1

2019-11-20 07:40:31,629 INFO PERFORMANCE:|7|6|-1|-1

2019-11-20 07:45:31,631 INFO PERFORMANCE:|7|6|-1|-1

2019-11-20 07:50:31,632 INFO PERFORMANCE:|7|6|-1|-1

2019-11-20 07:55:31,633 INFO PERFORMANCE:|7|6|-1|-1

2019-11-20 08:00:31,633 INFO PERFORMANCE:|7|6|-1|-1

2019-11-20 08:05:31,634 INFO PERFORMANCE:|7|6|-1|-1

2019-11-20 08:10:31,635 INFO PERFORMANCE:|7|6|-1|-1

2019-11-20 08:15:31,636 INFO PERFORMANCE:|7|6|-1|-1

2019-11-20 08:20:31,636 INFO PERFORMANCE:|7|6|-1|-1

2019-11-20 08:25:31,636 INFO PERFORMANCE:|7|6|-1|-1

2019-11-20 08:30:31,637 INFO PERFORMANCE:|7|6|-1|-1

2019-11-20 08:35:31,638 INFO PERFORMANCE:|7|6|-1|-1

2019-11-20 08:40:31,640 INFO PERFORMANCE:|7|6|-1|-1

2019-11-20 08:45:31,641 INFO PERFORMANCE:|7|6|-1|-1

2019-11-20 08:50:31,642 INFO PERFORMANCE:|7|6|-1|-1

2019-11-20 08:55:31,644 INFO PERFORMANCE:|7|6|-1|-1

2019-11-20 09:00:31,645 INFO PERFORMANCE:|7|6|-1|-1

2019-11-20 09:05:31,647 INFO PERFORMANCE:|7|6|-1|-1

2019-11-20 09:10:31,649 INFO PERFORMANCE:|7|6|-1|-1

2019-11-20 09:15:31,650 INFO PERFORMANCE:|7|6|-1|-1

2019-11-20 09:20:31,651 INFO PERFORMANCE:|7|6|-1|-1

2019-11-20 09:25:31,651 INFO PERFORMANCE:|8|6|-1|-1

2019-11-20 09:30:31,652 INFO PERFORMANCE:|8|6|-1|-1

2019-11-20 09:35:31,653 INFO PERFORMANCE:|8|6|-1|-1

2019-11-20 09:40:31,653 INFO PERFORMANCE:|9|7|-1|-1

2019-11-20 09:45:31,654 INFO PERFORMANCE:|9|7|-1|-1

2019-11-20 09:50:31,655 INFO PERFORMANCE:|9|7|-1|-1

2019-11-20 09:55:31,657 INFO PERFORMANCE:|9|7|-1|-1

2019-11-20 10:00:31,659 INFO PERFORMANCE:|9|7|-1|-1

2019-11-20 10:34:17,490 INFO PERFORMANCE:|7|7|-1|-1

2019-11-20 10:39:17,493 INFO PERFORMANCE:|7|7|-1|-1

2019-11-20 10:44:17,495 INFO PERFORMANCE:|7|7|-1|-1

2019-11-20 10:49:17,496 INFO PERFORMANCE:|7|7|-1|-1

2019-11-20 10:54:17,497 INFO PERFORMANCE:|7|7|-1|-1

2019-11-20 10:59:17,497 INFO PERFORMANCE:|7|7|-1|-1

2019-11-20 11:04:17,498 INFO PERFORMANCE:|7|7|-1|-1

2019-11-20 11:09:17,498 INFO PERFORMANCE:|7|7|-1|-1

2019-11-20 11:14:17,499 INFO PERFORMANCE:|7|7|-1|-1

2019-11-20 11:19:17,500 INFO PERFORMANCE:|7|7|-1|-1

2019-11-20 11:24:17,500 INFO PERFORMANCE:|7|7|-1|-1

2019-11-20 11:29:17,501 INFO PERFORMANCE:|7|7|-1|-1

2019-11-20 11:34:17,502 INFO PERFORMANCE:|7|7|-1|-1

2019-11-20 11:39:17,504 INFO PERFORMANCE:|7|7|-1|-1

2019-11-20 11:44:17,504 INFO PERFORMANCE:|7|7|-1|-1

2019-11-20 11:49:17,505 INFO PERFORMANCE:|7|7|-1|-1

2019-11-20 11:54:17,506 INFO PERFORMANCE:|7|7|-1|-1

2019-11-20 11:59:17,508 INFO PERFORMANCE:|7|7|-1|-1

2019-11-20 12:04:17,509 INFO PERFORMANCE:|7|7|-1|-1

2019-11-20 12:09:17,510 INFO PERFORMANCE:|7|7|-1|-1

2019-11-20 12:14:17,511 INFO PERFORMANCE:|7|7|-1|-1

2019-11-20 12:19:17,511 INFO PERFORMANCE:|7|0|-1|-1

2019-11-20 12:24:17,513 INFO PERFORMANCE:|7|0|-1|-1

2019-11-20 12:29:17,513 INFO PERFORMANCE:|7|0|-1|-1

2019-11-20 12:34:17,514 INFO PERFORMANCE:|7|0|-1|-1

2019-11-20 12:39:17,516 INFO PERFORMANCE:|7|0|-1|-1

2019-11-20 12:44:17,517 INFO PERFORMANCE:|7|0|-1|-1

2019-11-20 12:49:17,519 INFO PERFORMANCE:|7|0|-1|-1

2019-11-20 12:54:17,521 INFO PERFORMANCE:|7|0|-1|-1

2019-11-20 12:59:17,522 INFO PERFORMANCE:|7|0|-1|-1

2019-11-20 13:04:17,524 INFO PERFORMANCE:|7|0|-1|-1

2019-11-20 13:09:17,525 INFO PERFORMANCE:|7|0|-1|-1

2019-11-20 13:14:17,526 INFO PERFORMANCE:|7|0|-1|-1

2019-11-20 13:19:17,526 INFO PERFORMANCE:|7|0|-1|-1

2019-11-20 13:24:17,527 INFO PERFORMANCE:|7|0|-1|-1

2019-11-20 13:29:17,528 INFO PERFORMANCE:|7|0|-1|-1

2019-11-20 13:34:17,529 INFO PERFORMANCE:|7|0|-1|-1

2019-11-20 13:39:17,529 INFO PERFORMANCE:|7|0|-1|-1

2019-11-20 13:44:17,531 INFO PERFORMANCE:|7|0|-1|-1

2019-11-20 13:49:17,531 INFO PERFORMANCE:|7|0|-1|-1

2019-11-20 13:54:17,532 INFO PERFORMANCE:|7|0|-1|-1

2019-11-20 13:59:17,533 INFO PERFORMANCE:|7|0|-1|-1

2019-11-20 14:04:17,535 INFO PERFORMANCE:|7|0|-1|-1

2019-11-20 14:09:17,536 INFO PERFORMANCE:|7|0|-1|-1

2019-11-20 14:14:17,537 INFO PERFORMANCE:|7|0|-1|-1

2019-11-20 14:19:17,538 INFO PERFORMANCE:|7|0|-1|-1

